# JRE version: OpenJDK Runtime Environment (17.0.6) (build 17.0.6+0-b2043.56-10027231)
# Java VM: OpenJDK 64-Bit Server VM (17.0.6+0-b2043.56-10027231, mixed mode, tiered, compressed oops, compressed class ptrs, g1 gc, windows-amd64)
GC Precious Log:
 CPUs: 8 total, 8 available
 Memory: 8009M
 Large Page Support: Disabled
 NUMA Support: Disabled
 Compressed Oops: Enabled (32-bit)
 Heap Region Size: 1M
 Heap Min Capacity: 8M
 Heap Initial Capacity: 126M
 Heap Max Capacity: 2G
 Pre-touch: Disabled
 Parallel Workers: 8
 Concurrent Workers: 2
 Concurrent Refinement Workers: 8
 Periodic GC: Disabled
Heap:
 garbage-first heap   total 129024K, used 63406K [0x0000000080000000, 0x0000000100000000)
  region size 1024K, 4 young (4096K), 4 survivors (4096K)
 Metaspace       used 61608K, committed 62208K, reserved 1105920K
  class space    used 8284K, committed 8576K, reserved 1048576K
GC Heap History (20 events):
Event: 4.823 GC heap after
{Heap after GC invocations=16 (full 0):
 garbage-first heap   total 86016K, used 44239K [0x0000000080000000, 0x0000000100000000)
  region size 1024K, 2 young (2048K), 2 survivors (2048K)
 Metaspace       used 49423K, committed 49856K, reserved 1097728K
  class space    used 6632K, committed 6848K, reserved 1048576K
}
Event: 4.916 GC heap before
{Heap before GC invocations=17 (full 0):
 garbage-first heap   total 89088K, used 68815K [0x0000000080000000, 0x0000000100000000)
  region size 1024K, 26 young (26624K), 2 survivors (2048K)
 Metaspace       used 49532K, committed 49984K, reserved 1097728K
  class space    used 6648K, committed 6848K, reserved 1048576K
}
Event: 4.919 GC heap after
{Heap after GC invocations=18 (full 0):
 garbage-first heap   total 89088K, used 44569K [0x0000000080000000, 0x0000000100000000)
  region size 1024K, 2 young (2048K), 2 survivors (2048K)
 Metaspace       used 49532K, committed 49984K, reserved 1097728K
  class space    used 6648K, committed 6848K, reserved 1048576K
}
Event: 5.235 GC heap before
{Heap before GC invocations=18 (full 0):
 garbage-first heap   total 89088K, used 59929K [0x0000000080000000, 0x0000000100000000)
  region size 1024K, 18 young (18432K), 2 survivors (2048K)
 Metaspace       used 51758K, committed 52224K, reserved 1097728K
  class space    used 6900K, committed 7104K, reserved 1048576K
}
Event: 5.238 GC heap after
{Heap after GC invocations=19 (full 0):
 garbage-first heap   total 110592K, used 46614K [0x0000000080000000, 0x0000000100000000)
  region size 1024K, 4 young (4096K), 4 survivors (4096K)
 Metaspace       used 51758K, committed 52224K, reserved 1097728K
  class space    used 6900K, committed 7104K, reserved 1048576K
}
Event: 5.254 GC heap before
{Heap before GC invocations=19 (full 0):
 garbage-first heap   total 110592K, used 49686K [0x0000000080000000, 0x0000000100000000)
  region size 1024K, 5 young (5120K), 4 survivors (4096K)
 Metaspace       used 51758K, committed 52224K, reserved 1097728K
  class space    used 6900K, committed 7104K, reserved 1048576K
}
Event: 5.258 GC heap after
{Heap after GC invocations=20 (full 0):
 garbage-first heap   total 110592K, used 50315K [0x0000000080000000, 0x0000000100000000)
  region size 1024K, 4 young (4096K), 4 survivors (4096K)
 Metaspace       used 51758K, committed 52224K, reserved 1097728K
  class space    used 6900K, committed 7104K, reserved 1048576K
}
Event: 5.348 GC heap before
{Heap before GC invocations=20 (full 0):
 garbage-first heap   total 110592K, used 78987K [0x0000000080000000, 0x0000000100000000)
  region size 1024K, 29 young (29696K), 4 survivors (4096K)
 Metaspace       used 51780K, committed 52224K, reserved 1097728K
  class space    used 6903K, committed 7104K, reserved 1048576K
}
Event: 5.351 GC heap after
{Heap after GC invocations=21 (full 0):
 garbage-first heap   total 110592K, used 54169K [0x0000000080000000, 0x0000000100000000)
  region size 1024K, 2 young (2048K), 2 survivors (2048K)
 Metaspace       used 51780K, committed 52224K, reserved 1097728K
  class space    used 6903K, committed 7104K, reserved 1048576K
}
Event: 5.553 GC heap before
{Heap before GC invocations=21 (full 0):
 garbage-first heap   total 110592K, used 79769K [0x0000000080000000, 0x0000000100000000)
  region size 1024K, 27 young (27648K), 2 survivors (2048K)
 Metaspace       used 52367K, committed 52864K, reserved 1097728K
  class space    used 6968K, committed 7168K, reserved 1048576K
}
Event: 5.555 GC heap after
{Heap after GC invocations=22 (full 0):
 garbage-first heap   total 110592K, used 54920K [0x0000000080000000, 0x0000000100000000)
  region size 1024K, 3 young (3072K), 3 survivors (3072K)
 Metaspace       used 52367K, committed 52864K, reserved 1097728K
  class space    used 6968K, committed 7168K, reserved 1048576K
}
Event: 5.732 GC heap before
{Heap before GC invocations=23 (full 0):
 garbage-first heap   total 110592K, used 67208K [0x0000000080000000, 0x0000000100000000)
  region size 1024K, 17 young (17408K), 3 survivors (3072K)
 Metaspace       used 53453K, committed 53952K, reserved 1097728K
  class space    used 7094K, committed 7296K, reserved 1048576K
}
Event: 5.735 GC heap after
{Heap after GC invocations=24 (full 0):
 garbage-first heap   total 110592K, used 56832K [0x0000000080000000, 0x0000000100000000)
  region size 1024K, 4 young (4096K), 4 survivors (4096K)
 Metaspace       used 53453K, committed 53952K, reserved 1097728K
  class space    used 7094K, committed 7296K, reserved 1048576K
}
Event: 6.037 GC heap before
{Heap before GC invocations=25 (full 0):
 garbage-first heap   total 110592K, used 84480K [0x0000000080000000, 0x0000000100000000)
  region size 1024K, 30 young (30720K), 4 survivors (4096K)
 Metaspace       used 56095K, committed 56640K, reserved 1105920K
  class space    used 7425K, committed 7680K, reserved 1048576K
}
Event: 6.040 GC heap after
{Heap after GC invocations=26 (full 0):
 garbage-first heap   total 110592K, used 57942K [0x0000000080000000, 0x0000000100000000)
  region size 1024K, 3 young (3072K), 3 survivors (3072K)
 Metaspace       used 56095K, committed 56640K, reserved 1105920K
  class space    used 7425K, committed 7680K, reserved 1048576K
}
Event: 6.437 GC heap before
{Heap before GC invocations=26 (full 0):
 garbage-first heap   total 110592K, used 85590K [0x0000000080000000, 0x0000000100000000)
  region size 1024K, 30 young (30720K), 3 survivors (3072K)
 Metaspace       used 59179K, committed 59776K, reserved 1105920K
  class space    used 7967K, committed 8192K, reserved 1048576K
}
Event: 6.440 GC heap after
{Heap after GC invocations=27 (full 0):
 garbage-first heap   total 110592K, used 60044K [0x0000000080000000, 0x0000000100000000)
  region size 1024K, 4 young (4096K), 4 survivors (4096K)
 Metaspace       used 59179K, committed 59776K, reserved 1105920K
  class space    used 7967K, committed 8192K, reserved 1048576K
}
Event: 6.829 GC heap before
{Heap before GC invocations=28 (full 0):
 garbage-first heap   total 110592K, used 85644K [0x0000000080000000, 0x0000000100000000)
  region size 1024K, 30 young (30720K), 4 survivors (4096K)
 Metaspace       used 61284K, committed 61824K, reserved 1105920K
  class space    used 8259K, committed 8512K, reserved 1048576K
}
Event: 6.833 GC heap after
{Heap after GC invocations=29 (full 0):
 garbage-first heap   total 110592K, used 61992K [0x0000000080000000, 0x0000000100000000)
  region size 1024K, 4 young (4096K), 4 survivors (4096K)
 Metaspace       used 61284K, committed 61824K, reserved 1105920K
  class space    used 8259K, committed 8512K, reserved 1048576K
}
Event: 6.968 GC heap before
{Heap before GC invocations=29 (full 0):
 garbage-first heap   total 110592K, used 76328K [0x0000000080000000, 0x0000000100000000)
  region size 1024K, 20 young (20480K), 4 survivors (4096K)
 Metaspace       used 61608K, committed 62208K, reserved 1105920K
  class space    used 8284K, committed 8576K, reserved 1048576K
}

