# JRE version: OpenJDK Runtime Environment (17.0.6) (build 17.0.6+0-b2043.56-10027231)
# Java VM: OpenJDK 64-Bit Server VM (17.0.6+0-b2043.56-10027231, mixed mode, tiered, compressed oops, compressed class ptrs, g1 gc, windows-amd64)
GC Precious Log:
 CPUs: 8 total, 8 available
 Memory: 8009M
 Large Page Support: Disabled
 NUMA Support: Disabled
 Compressed Oops: Enabled (32-bit)
 Heap Region Size: 1M
 Heap Min Capacity: 8M
 Heap Initial Capacity: 126M
 Heap Max Capacity: 2G
 Pre-touch: Disabled
 Parallel Workers: 8
 Concurrent Workers: 2
 Concurrent Refinement Workers: 8
 Periodic GC: Disabled
Heap:
 garbage-first heap   total 287744K, used 108900K [0x0000000080000000, 0x0000000100000000)
  region size 1024K, 2 young (2048K), 2 survivors (2048K)
 Metaspace       used 117419K, committed 118336K, reserved 1155072K
  class space    used 15543K, committed 16000K, reserved 1048576K
GC Heap History (20 events):
Event: 9.530 GC heap after
{Heap after GC invocations=41 (full 0):
 garbage-first heap   total 287744K, used 87173K [0x0000000080000000, 0x0000000100000000)
  region size 1024K, 1 young (1024K), 1 survivors (1024K)
 Metaspace       used 91440K, committed 92160K, reserved 1130496K
  class space    used 12517K, committed 12864K, reserved 1048576K
}
Event: 9.577 GC heap before
{Heap before GC invocations=41 (full 0):
 garbage-first heap   total 287744K, used 96389K [0x0000000080000000, 0x0000000100000000)
  region size 1024K, 12 young (12288K), 1 survivors (1024K)
 Metaspace       used 91615K, committed 92288K, reserved 1130496K
  class space    used 12549K, committed 12864K, reserved 1048576K
}
Event: 9.579 GC heap after
{Heap after GC invocations=42 (full 0):
 garbage-first heap   total 287744K, used 88645K [0x0000000080000000, 0x0000000100000000)
  region size 1024K, 3 young (3072K), 3 survivors (3072K)
 Metaspace       used 91615K, committed 92288K, reserved 1130496K
  class space    used 12549K, committed 12864K, reserved 1048576K
}
Event: 117.517 GC heap before
{Heap before GC invocations=43 (full 0):
 garbage-first heap   total 287744K, used 218693K [0x0000000080000000, 0x0000000100000000)
  region size 1024K, 130 young (133120K), 3 survivors (3072K)
 Metaspace       used 95100K, committed 95936K, reserved 1138688K
  class space    used 12945K, committed 13376K, reserved 1048576K
}
Event: 117.526 GC heap after
{Heap after GC invocations=44 (full 0):
 garbage-first heap   total 287744K, used 96659K [0x0000000080000000, 0x0000000100000000)
  region size 1024K, 10 young (10240K), 10 survivors (10240K)
 Metaspace       used 95100K, committed 95936K, reserved 1138688K
  class space    used 12945K, committed 13376K, reserved 1048576K
}
Event: 117.579 GC heap before
{Heap before GC invocations=44 (full 0):
 garbage-first heap   total 287744K, used 99731K [0x0000000080000000, 0x0000000100000000)
  region size 1024K, 14 young (14336K), 10 survivors (10240K)
 Metaspace       used 95188K, committed 96000K, reserved 1138688K
  class space    used 12951K, committed 13376K, reserved 1048576K
}
Event: 117.587 GC heap after
{Heap after GC invocations=45 (full 0):
 garbage-first heap   total 287744K, used 97199K [0x0000000080000000, 0x0000000100000000)
  region size 1024K, 2 young (2048K), 2 survivors (2048K)
 Metaspace       used 95188K, committed 96000K, reserved 1138688K
  class space    used 12951K, committed 13376K, reserved 1048576K
}
Event: 117.941 GC heap before
{Heap before GC invocations=45 (full 0):
 garbage-first heap   total 287744K, used 127919K [0x0000000080000000, 0x0000000100000000)
  region size 1024K, 33 young (33792K), 2 survivors (2048K)
 Metaspace       used 95789K, committed 96512K, reserved 1138688K
  class space    used 12996K, committed 13376K, reserved 1048576K
}
Event: 117.947 GC heap after
{Heap after GC invocations=46 (full 0):
 garbage-first heap   total 287744K, used 101128K [0x0000000080000000, 0x0000000100000000)
  region size 1024K, 6 young (6144K), 6 survivors (6144K)
 Metaspace       used 95789K, committed 96512K, reserved 1138688K
  class space    used 12996K, committed 13376K, reserved 1048576K
}
Event: 120.633 GC heap before
{Heap before GC invocations=47 (full 0):
 garbage-first heap   total 287744K, used 242440K [0x0000000080000000, 0x0000000100000000)
  region size 1024K, 125 young (128000K), 6 survivors (6144K)
 Metaspace       used 104838K, committed 105536K, reserved 1146880K
  class space    used 14047K, committed 14400K, reserved 1048576K
}
Event: 120.641 GC heap after
{Heap after GC invocations=48 (full 0):
 garbage-first heap   total 287744K, used 107086K [0x0000000080000000, 0x0000000100000000)
  region size 1024K, 12 young (12288K), 12 survivors (12288K)
 Metaspace       used 104838K, committed 105536K, reserved 1146880K
  class space    used 14047K, committed 14400K, reserved 1048576K
}
Event: 120.653 GC heap before
{Heap before GC invocations=48 (full 0):
 garbage-first heap   total 287744K, used 109134K [0x0000000080000000, 0x0000000100000000)
  region size 1024K, 14 young (14336K), 12 survivors (12288K)
 Metaspace       used 104838K, committed 105536K, reserved 1146880K
  class space    used 14047K, committed 14400K, reserved 1048576K
}
Event: 120.661 GC heap after
{Heap after GC invocations=49 (full 0):
 garbage-first heap   total 287744K, used 105134K [0x0000000080000000, 0x0000000100000000)
  region size 1024K, 1 young (1024K), 1 survivors (1024K)
 Metaspace       used 104838K, committed 105536K, reserved 1146880K
  class space    used 14047K, committed 14400K, reserved 1048576K
}
Event: 121.541 GC heap before
{Heap before GC invocations=49 (full 0):
 garbage-first heap   total 287744K, used 188078K [0x0000000080000000, 0x0000000100000000)
  region size 1024K, 84 young (86016K), 1 survivors (1024K)
 Metaspace       used 112422K, committed 113280K, reserved 1146880K
  class space    used 14994K, committed 15424K, reserved 1048576K
}
Event: 121.546 GC heap after
{Heap after GC invocations=50 (full 0):
 garbage-first heap   total 287744K, used 108274K [0x0000000080000000, 0x0000000100000000)
  region size 1024K, 5 young (5120K), 5 survivors (5120K)
 Metaspace       used 112422K, committed 113280K, reserved 1146880K
  class space    used 14994K, committed 15424K, reserved 1048576K
}
Event: 122.943 GC heap before
{Heap before GC invocations=51 (full 0):
 garbage-first heap   total 287744K, used 229106K [0x0000000080000000, 0x0000000100000000)
  region size 1024K, 122 young (124928K), 5 survivors (5120K)
 Metaspace       used 116918K, committed 117760K, reserved 1155072K
  class space    used 15473K, committed 15872K, reserved 1048576K
}
Event: 122.949 GC heap after
{Heap after GC invocations=52 (full 0):
 garbage-first heap   total 287744K, used 113134K [0x0000000080000000, 0x0000000100000000)
  region size 1024K, 7 young (7168K), 7 survivors (7168K)
 Metaspace       used 116918K, committed 117760K, reserved 1155072K
  class space    used 15473K, committed 15872K, reserved 1048576K
}
Event: 122.983 GC heap before
{Heap before GC invocations=52 (full 0):
 garbage-first heap   total 287744K, used 119278K [0x0000000080000000, 0x0000000100000000)
  region size 1024K, 14 young (14336K), 7 survivors (7168K)
 Metaspace       used 116928K, committed 117760K, reserved 1155072K
  class space    used 15473K, committed 15872K, reserved 1048576K
}
Event: 122.991 GC heap after
{Heap after GC invocations=53 (full 0):
 garbage-first heap   total 287744K, used 108897K [0x0000000080000000, 0x0000000100000000)
  region size 1024K, 2 young (2048K), 2 survivors (2048K)
 Metaspace       used 116928K, committed 117760K, reserved 1155072K
  class space    used 15473K, committed 15872K, reserved 1048576K
}
Event: 123.059 GC heap before
{Heap before GC invocations=53 (full 0):
 garbage-first heap   total 287744K, used 121185K [0x0000000080000000, 0x0000000100000000)
  region size 1024K, 16 young (16384K), 2 survivors (2048K)
 Metaspace       used 117419K, committed 118336K, reserved 1155072K
  class space    used 15543K, committed 16000K, reserved 1048576K
}

