# JRE version: OpenJDK Runtime Environment (17.0.6) (build 17.0.6+0-b2043.56-10027231)
# Java VM: OpenJDK 64-Bit Server VM (17.0.6+0-b2043.56-10027231, mixed mode, tiered, compressed oops, compressed class ptrs, g1 gc, windows-amd64)
GC Precious Log:
 CPUs: 8 total, 8 available
 Memory: 8009M
 Large Page Support: Disabled
 NUMA Support: Disabled
 Compressed Oops: Enabled (32-bit)
 Heap Region Size: 1M
 Heap Min Capacity: 8M
 Heap Initial Capacity: 126M
 Heap Max Capacity: 2G
 Pre-touch: Disabled
 Parallel Workers: 8
 Concurrent Workers: 2
 Concurrent Refinement Workers: 8
 Periodic GC: Disabled
Heap:
 garbage-first heap   total 467968K, used 178730K [0x0000000080000000, 0x0000000100000000)
  region size 1024K, 5 young (5120K), 5 survivors (5120K)
 Metaspace       used 187973K, committed 188800K, reserved 1220608K
  class space    used 24602K, committed 24960K, reserved 1048576K
GC Heap History (20 events):
Event: 348.987 GC heap after
{Heap after GC invocations=57 (full 0):
 garbage-first heap   total 454656K, used 118792K [0x0000000080000000, 0x0000000100000000)
  region size 1024K, 3 young (3072K), 3 survivors (3072K)
 Metaspace       used 131434K, committed 132352K, reserved 1163264K
  class space    used 17619K, committed 18048K, reserved 1048576K
}
Event: 349.094 GC heap before
{Heap before GC invocations=57 (full 0):
 garbage-first heap   total 454656K, used 137224K [0x0000000080000000, 0x0000000100000000)
  region size 1024K, 22 young (22528K), 3 survivors (3072K)
 Metaspace       used 131486K, committed 132352K, reserved 1163264K
  class space    used 17619K, committed 18048K, reserved 1048576K
}
Event: 349.100 GC heap after
{Heap after GC invocations=58 (full 0):
 garbage-first heap   total 454656K, used 122809K [0x0000000080000000, 0x0000000100000000)
  region size 1024K, 7 young (7168K), 7 survivors (7168K)
 Metaspace       used 131486K, committed 132352K, reserved 1163264K
  class space    used 17619K, committed 18048K, reserved 1048576K
}
Event: 4848.688 GC heap before
{Heap before GC invocations=59 (full 0):
 garbage-first heap   total 454656K, used 393145K [0x0000000080000000, 0x0000000100000000)
  region size 1024K, 210 young (215040K), 7 survivors (7168K)
 Metaspace       used 139445K, committed 140480K, reserved 1171456K
  class space    used 19148K, committed 19648K, reserved 1048576K
}
Event: 4848.706 GC heap after
{Heap after GC invocations=60 (full 0):
 garbage-first heap   total 454656K, used 156593K [0x0000000080000000, 0x0000000100000000)
  region size 1024K, 12 young (12288K), 12 survivors (12288K)
 Metaspace       used 139445K, committed 140480K, reserved 1171456K
  class space    used 19148K, committed 19648K, reserved 1048576K
}
Event: 4848.847 GC heap before
{Heap before GC invocations=60 (full 0):
 garbage-first heap   total 454656K, used 169905K [0x0000000080000000, 0x0000000100000000)
  region size 1024K, 22 young (22528K), 12 survivors (12288K)
 Metaspace       used 141049K, committed 142080K, reserved 1171456K
  class space    used 19347K, committed 19840K, reserved 1048576K
}
Event: 4848.862 GC heap after
{Heap after GC invocations=61 (full 0):
 garbage-first heap   total 454656K, used 156981K [0x0000000080000000, 0x0000000100000000)
  region size 1024K, 2 young (2048K), 2 survivors (2048K)
 Metaspace       used 141049K, committed 142080K, reserved 1171456K
  class space    used 19347K, committed 19840K, reserved 1048576K
}
Event: 4849.318 GC heap before
{Heap before GC invocations=61 (full 0):
 garbage-first heap   total 454656K, used 192821K [0x0000000080000000, 0x0000000100000000)
  region size 1024K, 38 young (38912K), 2 survivors (2048K)
 Metaspace       used 146511K, committed 147584K, reserved 1179648K
  class space    used 20046K, committed 20544K, reserved 1048576K
}
Event: 4849.322 GC heap after
{Heap after GC invocations=62 (full 0):
 garbage-first heap   total 454656K, used 156826K [0x0000000080000000, 0x0000000100000000)
  region size 1024K, 2 young (2048K), 2 survivors (2048K)
 Metaspace       used 146511K, committed 147584K, reserved 1179648K
  class space    used 20046K, committed 20544K, reserved 1048576K
}
Event: 4851.338 GC heap before
{Heap before GC invocations=63 (full 0):
 garbage-first heap   total 454656K, used 365722K [0x0000000080000000, 0x0000000100000000)
  region size 1024K, 196 young (200704K), 2 survivors (2048K)
 Metaspace       used 162991K, committed 163712K, reserved 1196032K
  class space    used 21848K, committed 22144K, reserved 1048576K
}
Event: 4851.359 GC heap after
{Heap after GC invocations=64 (full 0):
 garbage-first heap   total 454656K, used 189739K [0x0000000080000000, 0x0000000100000000)
  region size 1024K, 25 young (25600K), 25 survivors (25600K)
 Metaspace       used 162991K, committed 163712K, reserved 1196032K
  class space    used 21848K, committed 22144K, reserved 1048576K
}
Event: 4851.370 GC heap before
{Heap before GC invocations=64 (full 0):
 garbage-first heap   total 454656K, used 190763K [0x0000000080000000, 0x0000000100000000)
  region size 1024K, 26 young (26624K), 25 survivors (25600K)
 Metaspace       used 163079K, committed 163904K, reserved 1196032K
  class space    used 21862K, committed 22208K, reserved 1048576K
}
Event: 4851.394 GC heap after
{Heap after GC invocations=65 (full 0):
 garbage-first heap   total 454656K, used 172939K [0x0000000080000000, 0x0000000100000000)
  region size 1024K, 3 young (3072K), 3 survivors (3072K)
 Metaspace       used 163079K, committed 163904K, reserved 1196032K
  class space    used 21862K, committed 22208K, reserved 1048576K
}
Event: 4851.464 GC heap before
{Heap before GC invocations=65 (full 0):
 garbage-first heap   total 454656K, used 179083K [0x0000000080000000, 0x0000000100000000)
  region size 1024K, 10 young (10240K), 3 survivors (3072K)
 Metaspace       used 163920K, committed 164672K, reserved 1196032K
  class space    used 21952K, committed 22272K, reserved 1048576K
}
Event: 4851.467 GC heap after
{Heap after GC invocations=66 (full 0):
 garbage-first heap   total 454656K, used 171006K [0x0000000080000000, 0x0000000100000000)
  region size 1024K, 1 young (1024K), 1 survivors (1024K)
 Metaspace       used 163920K, committed 164672K, reserved 1196032K
  class space    used 21952K, committed 22272K, reserved 1048576K
}
Event: 4853.684 GC heap before
{Heap before GC invocations=67 (full 0):
 garbage-first heap   total 454656K, used 359422K [0x0000000080000000, 0x0000000100000000)
  region size 1024K, 184 young (188416K), 1 survivors (1024K)
 Metaspace       used 177678K, committed 178432K, reserved 1204224K
  class space    used 23504K, committed 23808K, reserved 1048576K
}
Event: 4853.694 GC heap after
{Heap after GC invocations=68 (full 0):
 garbage-first heap   total 454656K, used 184040K [0x0000000080000000, 0x0000000100000000)
  region size 1024K, 14 young (14336K), 14 survivors (14336K)
 Metaspace       used 177678K, committed 178432K, reserved 1204224K
  class space    used 23504K, committed 23808K, reserved 1048576K
}
Event: 4853.786 GC heap before
{Heap before GC invocations=68 (full 0):
 garbage-first heap   total 454656K, used 191208K [0x0000000080000000, 0x0000000100000000)
  region size 1024K, 22 young (22528K), 14 survivors (14336K)
 Metaspace       used 179325K, committed 180096K, reserved 1212416K
  class space    used 23630K, committed 23936K, reserved 1048576K
}
Event: 4853.799 GC heap after
{Heap after GC invocations=69 (full 0):
 garbage-first heap   total 454656K, used 182272K [0x0000000080000000, 0x0000000100000000)
  region size 1024K, 2 young (2048K), 2 survivors (2048K)
 Metaspace       used 179325K, committed 180096K, reserved 1212416K
  class space    used 23630K, committed 23936K, reserved 1048576K
}
Event: 4854.574 GC heap before
{Heap before GC invocations=69 (full 0):
 garbage-first heap   total 454656K, used 244736K [0x0000000080000000, 0x0000000100000000)
  region size 1024K, 64 young (65536K), 2 survivors (2048K)
 Metaspace       used 187973K, committed 188800K, reserved 1220608K
  class space    used 24602K, committed 24960K, reserved 1048576K
}

